<?xml version="1.0" encoding="UTF-8"?>
<!-- Generated by org.testng.reporters.JUnitReportReporter -->
<testsuite hostname="Jo-Sabet" failures="0" tests="3" name="QABootcamp_Maven.Redz_Mobile_Testing.FollowUnfollowTest" time="31.150" errors="0" timestamp="2025-09-22T11:54:32 EEST" skipped="0">
  <testcase classname="QABootcamp_Maven.Redz_Mobile_Testing.FollowUnfollowTest" name="testFollowValidUser" time="13.363"/>
  <testcase classname="QABootcamp_Maven.Redz_Mobile_Testing.FollowUnfollowTest" name="testUnfollowUser" time="13.796"/>
  <testcase classname="QABootcamp_Maven.Redz_Mobile_Testing.FollowUnfollowTest" name="testFollowInvalidUser" time="3.991"/>
</testsuite> <!-- QABootcamp_Maven.Redz_Mobile_Testing.FollowUnfollowTest -->
