<?xml version="1.0" encoding="UTF-8"?>
<!-- Generated by org.testng.reporters.JUnitReportReporter -->
<testsuite hostname="Jo-Sabet" failures="0" tests="5" name="QABootcamp_Maven.Redz_Mobile_Testing.LogInTest" time="33.428" errors="0" timestamp="2025-09-22T11:54:32 EEST" skipped="0">
  <testcase classname="QABootcamp_Maven.Redz_Mobile_Testing.LogInTest" name="logIn" time="6.000"/>
  <testcase classname="QABootcamp_Maven.Redz_Mobile_Testing.LogInTest" name="logIn" time="13.583"/>
  <testcase classname="QABootcamp_Maven.Redz_Mobile_Testing.LogInTest" name="logIn" time="5.831"/>
  <testcase classname="QABootcamp_Maven.Redz_Mobile_Testing.LogInTest" name="logIn" time="2.115"/>
  <testcase classname="QABootcamp_Maven.Redz_Mobile_Testing.LogInTest" name="logIn" time="5.899"/>
</testsuite> <!-- QABootcamp_Maven.Redz_Mobile_Testing.LogInTest -->
