<?xml version="1.0" encoding="UTF-8"?>
<!-- Generated by org.testng.reporters.JUnitReportReporter -->
<testsuite hostname="Jo-Sabet" failures="0" tests="4" name="QABootcamp_Maven.Redz_Mobile_Testing.ChangeLocationTest" time="34.219" errors="0" timestamp="2025-09-22T11:54:32 EEST" skipped="0">
  <testcase classname="QABootcamp_Maven.Redz_Mobile_Testing.ChangeLocationTest" name="testChangeLocationValid" time="12.725"/>
  <testcase classname="QABootcamp_Maven.Redz_Mobile_Testing.ChangeLocationTest" name="testChangeLocationInvalidChars" time="7.009"/>
  <testcase classname="QABootcamp_Maven.Redz_Mobile_Testing.ChangeLocationTest" name="testChangeLocationBlankField" time="5.531"/>
  <testcase classname="QABootcamp_Maven.Redz_Mobile_Testing.ChangeLocationTest" name="testChangeLocationUIUpdate" time="8.954"/>
</testsuite> <!-- QABootcamp_Maven.Redz_Mobile_Testing.ChangeLocationTest -->
