<?xml version="1.0" encoding="UTF-8"?>
<!-- Generated by org.testng.reporters.JUnitReportReporter -->
<testsuite hostname="Jo-Sabet" failures="0" tests="2" name="QABootcamp_Maven.Redz_Mobile_Testing.Like_Test" time="12.212" errors="0" timestamp="2025-09-22T11:54:32 EEST" skipped="0">
  <testcase classname="QABootcamp_Maven.Redz_Mobile_Testing.Like_Test" name="checkLikeVideo" time="9.945"/>
  <testcase classname="QABootcamp_Maven.Redz_Mobile_Testing.Like_Test" name="checkUnLikeVideo" time="2.267"/>
</testsuite> <!-- QABootcamp_Maven.Redz_Mobile_Testing.Like_Test -->
