<?xml version="1.0" encoding="UTF-8"?>
<!-- Generated by org.testng.reporters.JUnitReportReporter -->
<testsuite hostname="Jo-Sabet" failures="0" tests="1" name="QABootcamp_Maven.Redz_Mobile_Testing.LogOutTest" time="10.955" errors="0" timestamp="2025-09-22T15:20:43 EEST" skipped="0">
  <testcase classname="QABootcamp_Maven.Redz_Mobile_Testing.LogOutTest" name="checkLogOut" time="10.955"/>
</testsuite> <!-- QABootcamp_Maven.Redz_Mobile_Testing.LogOutTest -->
